Starting Verification...
1. Registering user test_expert_1770723629448...
2. Logging in...
   User logged in.
3. Applying for expert status...
   Application submitted: 11
4. Checking status (expect pending)...
   Status Response: {"application":{"id":11,"username":"test_expert_1770723629448","name":"Test Expert","field":"电池材料","contact":"13800000000","reason":"I am a test expert","status":"pending","created_at":"2026-02-10 11:40:29","updated_at":"2026-02-10 11:40:29","type":"enterprise"}}
   Status is pending.
4b. Resubmitting application (should be allowed)...
   Application resubmitted: 12
   New ID generated, previous application superseded.
5. Logging in Admin...
   Admin logged in.
6. Approving application (This API is used by /admin/experts page)...
   Application approved.
7. Checking status as user (expect approved)...
   Final Status Response: {"application":{"id":12,"username":"test_expert_1770723629448","name":"Test Expert Updated","field":"电池材料","contact":"13800000001","reason":"Updated reason","status":"approved","created_at":"2026-02-10 11:40:29","updated_at":"2026-02-10 11:40:29","type":"organization"}}
   Status is approved!
8. Verifying user role and certification type...
   User role updated to expert.
VERIFICATION SUCCESSFUL
